[18-Jan-2011 14:16:25] PHP Fatal error:  Multiple access type modifiers are not allowed in /home/apa/devel/nanoftpd-mogilefs/modules/io_mogilefs.php on line 263
[18-Jan-2011 14:16:25] PHP Stack trace:
[18-Jan-2011 14:16:25] PHP   1. {main}() /home/apa/devel/nanoftpd-mogilefs/nanoftpd.php:0
[18-Jan-2011 14:16:25] PHP   2. server->server($CFG = class object { public $dbuser = 'nanoftpd'; public $dbpass = 'nanoftpd'; public $dbhost = 'localhost'; public $dbname = 'nanoftpd'; public $dbtype = 'text'; public $table = array ('name' => 'users', 'username' => 'username', 'password' => 'password', 'uid' => 'uid', 'gid' => 'gid'); public $crypt = 'md5'; public $rootdir = '/home/apa/devel/nanoftpd-mogilefs'; public $libdir = '/home/apa/devel/nanoftpd-mogilefs/lib'; public $moddir = '/home/apa/devel/nanoftpd-mogilefs/modules'; public $tmpdir = '/home/apa/devel/nanoftpd-mogilefs/tmp'; public $logdir = '/home/apa/devel/nanoftpd-mogilefs/log'; public $daemonize = FALSE; public $pidfile = '/home/apa/devel/nanoftpd-mogilefs/log/nanoftpd.pid'; public $userid = 0; public $groupid = 0; public $text = array ('file' => '/home/apa/devel/nanoftpd-mogilefs/users', 'sep' => ':'); public $listen_addr = '62.146.70.152'; public $listen_port = 2121; public $low_port = 15000; public $high_port = 25000; public $max_conn = 10; public $max_conn_per_ip = 3; public $idle_time = 60; public $io = 'mogilefs'; public $server_name = 'nanoFTPd server [APA mogilified]'; public $dynip = array ('on' => 0, 'iface' => 'ppp0'); public $logging = class object { public $mode = 1; public $file = '/home/apa/devel/nanoftpd-mogilefs/log/nanoftpd.log' }; public $pasv_pool = class pool { public $pool = array (...) }; public $log = class log { private $logfile = '/home/apa/devel/nanoftpd-mogilefs/log/nanoftpd.log'; private $fp = resource(10) of type (stream); private $file_mode = 'a'; private $mode = '10000000'; private $prefix = '[14272]' } }) /home/apa/devel/nanoftpd-mogilefs/nanoftpd.php:91
[18-Jan-2011 14:16:25] PHP   3. server->init() /home/apa/devel/nanoftpd-mogilefs/lib/server.php:38
[18-Jan-2011 14:17:09] PHP Warning:  Module 'pcntl' already loaded in Unknown on line 0
[18-Jan-2011 14:17:09] PHP Stack trace:
[18-Jan-2011 14:17:09] PHP   1. {main}() /home/apa/devel/nanoftpd-mogilefs/nanoftpd.php:0
[18-Jan-2011 14:17:09] PHP   2. NanoFTP_Daemon->__construct() /home/apa/devel/nanoftpd-mogilefs/nanoftpd.php:88
[18-Jan-2011 14:17:09] PHP   3. dl('pcntl.so') /home/apa/devel/nanoftpd-mogilefs/nanoftpd.php:31
[18-Jan-2011 14:17:09] Could not set identity
[18-Jan-2011 14:17:09] Running as pid 14479...
[18-Jan-2011 14:17:34] PHP Notice:  Undefined property: client::$cfg in /home/apa/devel/nanoftpd-mogilefs/modules/io_mogilefs.php on line 22
[18-Jan-2011 14:17:34] PHP Stack trace:
[18-Jan-2011 14:17:34] PHP   1. {main}() /home/apa/devel/nanoftpd-mogilefs/nanoftpd.php:0
[18-Jan-2011 14:17:34] PHP   2. Daemon->start() /home/apa/devel/nanoftpd-mogilefs/nanoftpd.php:89
[18-Jan-2011 14:17:34] PHP   3. NanoFTP_Daemon->_doTask() /home/apa/devel/nanoftpd-mogilefs/lib/daemon.php:148
[18-Jan-2011 14:17:34] PHP   4. server->run() /home/apa/devel/nanoftpd-mogilefs/nanoftpd.php:55
[18-Jan-2011 14:17:34] PHP   5. server->add_client($conn = resource(19) of type (Socket)) /home/apa/devel/nanoftpd-mogilefs/lib/server.php:127
[18-Jan-2011 14:17:34] PHP   6. client->init() /home/apa/devel/nanoftpd-mogilefs/lib/server.php:209
[18-Jan-2011 14:17:34] PHP   7. io_mogilefs->__construct($client = class client { public $CFG = class object { public $dbuser = 'nanoftpd'; public $dbpass = 'nanoftpd'; public $dbhost = 'localhost'; public $dbname = 'nanoftpd'; public $dbtype = 'text'; public $table = array (...); public $crypt = 'md5'; public $rootdir = '/home/apa/devel/nanoftpd-mogilefs'; public $libdir = '/home/apa/devel/nanoftpd-mogilefs/lib'; public $moddir = '/home/apa/devel/nanoftpd-mogilefs/modules'; public $tmpdir = '/home/apa/devel/nanoftpd-mogilefs/tmp'; public $logdir = '/home/apa/devel/nanoftpd-mogilefs/log'; public $daemonize = TRUE; public $pidfile = '/home/apa/devel/nanoftpd-mogilefs/log/nanoftpd.pid'; public $userid = 0; public $groupid = 0; public $text = array (...); public $listen_addr = '62.146.70.152'; public $listen_port = 2121; public $low_port = 15000; public $high_port = 25000; public $max_conn = 10; public $max_conn_per_ip = 3; public $idle_time = 60; public $io = 'mogilefs'; public $server_name = 'nanoFTPd server [APA mogilified]'; public $dynip = array (...); public $logging = class object { ... }; public $pasv_pool = class pool { ... }; public $log = class log { ... } }; public $id = 'client_4d3592ee913dc'; public $connection = resource(19) of type (Socket); public $buffer = NULL; public $transfertype = NULL; public $loggedin = FALSE; public $user = NULL; public $user_uid = NULL; public $user_gid = NULL; public $addr = '62.146.70.152'; public $port = 38836; public $pasv = FALSE; public $data_addr = NULL; public $data_port = NULL; public $data_socket = NULL; public $data_conn = NULL; public $data_fsp = NULL; public $command = NULL; public $parameter = NULL; public $return = NULL; public $io = NULL; public $auth = NULL; public $table = array ('name' => 'users', 'username' => 'username', 'password' => 'password', 'uid' => 'uid', 'gid' => 'gid'); public $logintime = 1295356654.5963; public $log = class log { private $logfile = '/home/apa/devel/nanoftpd-mogilefs/log/nanoftpd.log'; private $fp = resource(10) of type (stream); private $file_mode = 'a'; private $mode = '10000000'; private $prefix = '[14556]' } }) /home/apa/devel/nanoftpd-mogilefs/lib/client.php:63
[18-Jan-2011 14:20:02] PHP Warning:  Module 'pcntl' already loaded in Unknown on line 0
[18-Jan-2011 14:20:02] PHP Stack trace:
[18-Jan-2011 14:20:02] PHP   1. {main}() /home/apa/devel/nanoftpd-mogilefs/nanoftpd.php:0
[18-Jan-2011 14:20:02] PHP   2. NanoFTP_Daemon->__construct() /home/apa/devel/nanoftpd-mogilefs/nanoftpd.php:88
[18-Jan-2011 14:20:02] PHP   3. dl('pcntl.so') /home/apa/devel/nanoftpd-mogilefs/nanoftpd.php:31
[18-Jan-2011 14:20:02] Could not set identity
[18-Jan-2011 14:20:02] Running as pid 15067...
[18-Jan-2011 14:20:04] PHP Warning:  Module 'pcntl' already loaded in Unknown on line 0
[18-Jan-2011 14:20:04] PHP Stack trace:
[18-Jan-2011 14:20:04] PHP   1. {main}() /home/apa/devel/nanoftpd-mogilefs/nanoftpd.php:0
[18-Jan-2011 14:20:04] PHP   2. NanoFTP_Daemon->__construct() /home/apa/devel/nanoftpd-mogilefs/nanoftpd.php:88
[18-Jan-2011 14:20:04] PHP   3. dl('pcntl.so') /home/apa/devel/nanoftpd-mogilefs/nanoftpd.php:31
[18-Jan-2011 14:20:04] Daemon already running with PID: 15067
[18-Jan-2011 14:20:04] Could not start daemon
[18-Jan-2011 14:27:35] PHP Parse error:  syntax error, unexpected T_TRY in /home/apa/devel/nanoftpd-mogilefs/lib/client.php on line 307
[18-Jan-2011 14:27:35] PHP Stack trace:
[18-Jan-2011 14:27:35] PHP   1. {main}() /home/apa/devel/nanoftpd-mogilefs/nanoftpd.php:0
[18-Jan-2011 14:31:42] Could not set identity
[18-Jan-2011 14:31:42] Running as pid 18706...
[18-Jan-2011 14:31:54] PHP Fatal error:  Class 'io_io_mogilefs_ug' not found in /home/apa/devel/nanoftpd-mogilefs/lib/client.php on line 309
[18-Jan-2011 14:31:54] PHP Stack trace:
[18-Jan-2011 14:31:54] PHP   1. {main}() /home/apa/devel/nanoftpd-mogilefs/nanoftpd.php:0
[18-Jan-2011 14:31:54] PHP   2. Daemon->start() /home/apa/devel/nanoftpd-mogilefs/nanoftpd.php:89
[18-Jan-2011 14:31:54] PHP   3. NanoFTP_Daemon->_doTask() /home/apa/devel/nanoftpd-mogilefs/lib/daemon.php:148
[18-Jan-2011 14:31:54] PHP   4. server->run() /home/apa/devel/nanoftpd-mogilefs/nanoftpd.php:55
[18-Jan-2011 14:31:54] PHP   5. client->interact() /home/apa/devel/nanoftpd-mogilefs/lib/server.php:151
[18-Jan-2011 14:31:54] PHP   6. client->cmd_pass() /home/apa/devel/nanoftpd-mogilefs/lib/client.php:99
[18-Jan-2011 14:33:09] Could not set identity
[18-Jan-2011 14:33:09] Running as pid 19160...
[18-Jan-2011 14:33:18] PHP Fatal error:  Class 'io_mogilefs_ug' not found in /home/apa/devel/nanoftpd-mogilefs/lib/client.php on line 309
[18-Jan-2011 14:33:18] PHP Stack trace:
[18-Jan-2011 14:33:18] PHP   1. {main}() /home/apa/devel/nanoftpd-mogilefs/nanoftpd.php:0
[18-Jan-2011 14:33:18] PHP   2. Daemon->start() /home/apa/devel/nanoftpd-mogilefs/nanoftpd.php:89
[18-Jan-2011 14:33:18] PHP   3. NanoFTP_Daemon->_doTask() /home/apa/devel/nanoftpd-mogilefs/lib/daemon.php:148
[18-Jan-2011 14:33:18] PHP   4. server->run() /home/apa/devel/nanoftpd-mogilefs/nanoftpd.php:55
[18-Jan-2011 14:33:18] PHP   5. client->interact() /home/apa/devel/nanoftpd-mogilefs/lib/server.php:151
[18-Jan-2011 14:33:18] PHP   6. client->cmd_pass() /home/apa/devel/nanoftpd-mogilefs/lib/client.php:99
[18-Jan-2011 14:35:23] Could not set identity
[18-Jan-2011 14:35:23] Running as pid 19870...
[18-Jan-2011 14:35:30] PHP Fatal error:  Class 'io_mogilefs_ug.php' not found in /home/apa/devel/nanoftpd-mogilefs/lib/client.php on line 310
[18-Jan-2011 14:35:30] PHP Stack trace:
[18-Jan-2011 14:35:30] PHP   1. {main}() /home/apa/devel/nanoftpd-mogilefs/nanoftpd.php:0
[18-Jan-2011 14:35:30] PHP   2. Daemon->start() /home/apa/devel/nanoftpd-mogilefs/nanoftpd.php:89
[18-Jan-2011 14:35:30] PHP   3. NanoFTP_Daemon->_doTask() /home/apa/devel/nanoftpd-mogilefs/lib/daemon.php:148
[18-Jan-2011 14:35:30] PHP   4. server->run() /home/apa/devel/nanoftpd-mogilefs/nanoftpd.php:55
[18-Jan-2011 14:35:30] PHP   5. client->interact() /home/apa/devel/nanoftpd-mogilefs/lib/server.php:151
[18-Jan-2011 14:35:30] PHP   6. client->cmd_pass() /home/apa/devel/nanoftpd-mogilefs/lib/client.php:99
[18-Jan-2011 14:36:09] Could not set identity
[18-Jan-2011 14:36:09] Running as pid 19979...
[18-Jan-2011 14:36:13] PHP Notice:  Undefined property: client::$cfg in /home/apa/devel/nanoftpd-mogilefs/lib/client.php on line 309
[18-Jan-2011 14:36:13] PHP Stack trace:
[18-Jan-2011 14:36:13] PHP   1. {main}() /home/apa/devel/nanoftpd-mogilefs/nanoftpd.php:0
[18-Jan-2011 14:36:13] PHP   2. Daemon->start() /home/apa/devel/nanoftpd-mogilefs/nanoftpd.php:89
[18-Jan-2011 14:36:13] PHP   3. NanoFTP_Daemon->_doTask() /home/apa/devel/nanoftpd-mogilefs/lib/daemon.php:148
[18-Jan-2011 14:36:13] PHP   4. server->run() /home/apa/devel/nanoftpd-mogilefs/nanoftpd.php:55
[18-Jan-2011 14:36:13] PHP   5. client->interact() /home/apa/devel/nanoftpd-mogilefs/lib/server.php:151
[18-Jan-2011 14:36:13] PHP   6. client->cmd_pass() /home/apa/devel/nanoftpd-mogilefs/lib/client.php:99
[18-Jan-2011 14:36:13] PHP Notice:  Trying to get property of non-object in /home/apa/devel/nanoftpd-mogilefs/lib/client.php on line 309
[18-Jan-2011 14:36:13] PHP Stack trace:
[18-Jan-2011 14:36:13] PHP   1. {main}() /home/apa/devel/nanoftpd-mogilefs/nanoftpd.php:0
[18-Jan-2011 14:36:13] PHP   2. Daemon->start() /home/apa/devel/nanoftpd-mogilefs/nanoftpd.php:89
[18-Jan-2011 14:36:13] PHP   3. NanoFTP_Daemon->_doTask() /home/apa/devel/nanoftpd-mogilefs/lib/daemon.php:148
[18-Jan-2011 14:36:13] PHP   4. server->run() /home/apa/devel/nanoftpd-mogilefs/nanoftpd.php:55
[18-Jan-2011 14:36:13] PHP   5. client->interact() /home/apa/devel/nanoftpd-mogilefs/lib/server.php:151
[18-Jan-2011 14:36:13] PHP   6. client->cmd_pass() /home/apa/devel/nanoftpd-mogilefs/lib/client.php:99
[18-Jan-2011 14:36:13] PHP Warning:  client::require_once(/io_mogilefs_ug.php): failed to open stream: No such file or directory in /home/apa/devel/nanoftpd-mogilefs/lib/client.php on line 309
[18-Jan-2011 14:36:13] PHP Stack trace:
[18-Jan-2011 14:36:13] PHP   1. {main}() /home/apa/devel/nanoftpd-mogilefs/nanoftpd.php:0
[18-Jan-2011 14:36:13] PHP   2. Daemon->start() /home/apa/devel/nanoftpd-mogilefs/nanoftpd.php:89
[18-Jan-2011 14:36:13] PHP   3. NanoFTP_Daemon->_doTask() /home/apa/devel/nanoftpd-mogilefs/lib/daemon.php:148
[18-Jan-2011 14:36:13] PHP   4. server->run() /home/apa/devel/nanoftpd-mogilefs/nanoftpd.php:55
[18-Jan-2011 14:36:13] PHP   5. client->interact() /home/apa/devel/nanoftpd-mogilefs/lib/server.php:151
[18-Jan-2011 14:36:13] PHP   6. client->cmd_pass() /home/apa/devel/nanoftpd-mogilefs/lib/client.php:99
[18-Jan-2011 14:36:13] PHP Fatal error:  client::require_once(): Failed opening required '/io_mogilefs_ug.php' (include_path='./:/home/apa/kwick:/home/apa/kwick/lib/:/home/apa/kwick/model:/home/apa/lib:/usr/local/share/php/:/home/apa/devel/nanoftpd-mogilefs:/www/kwick/lib') in /home/apa/devel/nanoftpd-mogilefs/lib/client.php on line 309
[18-Jan-2011 14:36:13] PHP Stack trace:
[18-Jan-2011 14:36:13] PHP   1. {main}() /home/apa/devel/nanoftpd-mogilefs/nanoftpd.php:0
[18-Jan-2011 14:36:13] PHP   2. Daemon->start() /home/apa/devel/nanoftpd-mogilefs/nanoftpd.php:89
[18-Jan-2011 14:36:13] PHP   3. NanoFTP_Daemon->_doTask() /home/apa/devel/nanoftpd-mogilefs/lib/daemon.php:148
[18-Jan-2011 14:36:13] PHP   4. server->run() /home/apa/devel/nanoftpd-mogilefs/nanoftpd.php:55
[18-Jan-2011 14:36:13] PHP   5. client->interact() /home/apa/devel/nanoftpd-mogilefs/lib/server.php:151
[18-Jan-2011 14:36:13] PHP   6. client->cmd_pass() /home/apa/devel/nanoftpd-mogilefs/lib/client.php:99
[18-Jan-2011 14:37:10] Could not set identity
[18-Jan-2011 14:37:10] Running as pid 20172...
[18-Jan-2011 14:37:16] PHP Fatal error:  Class 'io_mogilefs_ug.php' not found in /home/apa/devel/nanoftpd-mogilefs/lib/client.php on line 310
[18-Jan-2011 14:37:16] PHP Stack trace:
[18-Jan-2011 14:37:16] PHP   1. {main}() /home/apa/devel/nanoftpd-mogilefs/nanoftpd.php:0
[18-Jan-2011 14:37:16] PHP   2. Daemon->start() /home/apa/devel/nanoftpd-mogilefs/nanoftpd.php:89
[18-Jan-2011 14:37:16] PHP   3. NanoFTP_Daemon->_doTask() /home/apa/devel/nanoftpd-mogilefs/lib/daemon.php:148
[18-Jan-2011 14:37:16] PHP   4. server->run() /home/apa/devel/nanoftpd-mogilefs/nanoftpd.php:55
[18-Jan-2011 14:37:16] PHP   5. client->interact() /home/apa/devel/nanoftpd-mogilefs/lib/server.php:151
[18-Jan-2011 14:37:16] PHP   6. client->cmd_pass() /home/apa/devel/nanoftpd-mogilefs/lib/client.php:99
[18-Jan-2011 14:39:10] Could not set identity
[18-Jan-2011 14:39:10] Running as pid 20944...
[18-Jan-2011 14:54:33] Could not set identity
[18-Jan-2011 14:54:33] Running as pid 28081...
[18-Jan-2011 14:54:40] PHP Parse error:  syntax error, unexpected ')' in /home/apa/devel/nanoftpd-mogilefs/modules/io_mogilefs.php on line 119
[18-Jan-2011 14:54:40] PHP Stack trace:
[18-Jan-2011 14:54:40] PHP   1. {main}() /home/apa/devel/nanoftpd-mogilefs/nanoftpd.php:0
[18-Jan-2011 14:54:40] PHP   2. Daemon->start() /home/apa/devel/nanoftpd-mogilefs/nanoftpd.php:89
[18-Jan-2011 14:54:40] PHP   3. NanoFTP_Daemon->_doTask() /home/apa/devel/nanoftpd-mogilefs/lib/daemon.php:148
[18-Jan-2011 14:54:40] PHP   4. server->run() /home/apa/devel/nanoftpd-mogilefs/nanoftpd.php:55
[18-Jan-2011 14:54:40] PHP   5. client->interact() /home/apa/devel/nanoftpd-mogilefs/lib/server.php:147
[18-Jan-2011 14:54:40] PHP   6. client->cmd_pass() /home/apa/devel/nanoftpd-mogilefs/lib/client.php:99
[18-Jan-2011 14:54:40] PHP   7. require_once() /home/apa/devel/nanoftpd-mogilefs/lib/client.php:309
[18-Jan-2011 14:57:29] Could not set identity
[18-Jan-2011 14:57:29] Running as pid 28960...
[18-Jan-2011 14:57:33] PHP Fatal error:  Undefined class constant 'MOGILEFS_TRACKER' in /home/apa/devel/nanoftpd-mogilefs/modules/io_mogilefs.php on line 36
[18-Jan-2011 14:57:33] PHP Stack trace:
[18-Jan-2011 14:57:33] PHP   1. {main}() /home/apa/devel/nanoftpd-mogilefs/nanoftpd.php:0
[18-Jan-2011 14:57:33] PHP   2. Daemon->start() /home/apa/devel/nanoftpd-mogilefs/nanoftpd.php:89
[18-Jan-2011 14:57:33] PHP   3. NanoFTP_Daemon->_doTask() /home/apa/devel/nanoftpd-mogilefs/lib/daemon.php:148
[18-Jan-2011 14:57:33] PHP   4. server->run() /home/apa/devel/nanoftpd-mogilefs/nanoftpd.php:55
[18-Jan-2011 14:57:33] PHP   5. client->interact() /home/apa/devel/nanoftpd-mogilefs/lib/server.php:147
[18-Jan-2011 14:57:33] PHP   6. client->cmd_pass() /home/apa/devel/nanoftpd-mogilefs/lib/client.php:99
[18-Jan-2011 14:57:33] PHP   7. io_mogilefs->__construct($client = class client { public $CFG = class object { public $dbuser = 'nanoftpd'; public $dbpass = 'nanoftpd'; public $dbhost = 'localhost'; public $dbname = 'nanoftpd'; public $dbtype = 'text'; public $table = array (...); public $crypt = 'md5'; public $rootdir = '/home/apa/devel/nanoftpd-mogilefs'; public $libdir = '/home/apa/devel/nanoftpd-mogilefs/lib'; public $moddir = '/home/apa/devel/nanoftpd-mogilefs/modules'; public $tmpdir = '/home/apa/devel/nanoftpd-mogilefs/tmp'; public $logdir = '/home/apa/devel/nanoftpd-mogilefs/log'; public $daemonize = TRUE; public $pidfile = '/home/apa/devel/nanoftpd-mogilefs/log/nanoftpd.pid'; public $userid = 0; public $groupid = 0; public $text = array (...); public $listen_addr = '62.146.70.152'; public $listen_port = 2121; public $low_port = 15000; public $high_port = 25000; public $max_conn = 10; public $max_conn_per_ip = 3; public $idle_time = 60; public $io = 'mogilefs'; public $server_name = 'nanoFTPd server [APA mogilified]'; public $dynip = array (...); public $logging = class object { ... }; public $pasv_pool = class pool { ... }; public $log = class log { ... } }; public $id = 'client_4d359c4b250f9'; public $connection = resource(18) of type (Socket); public $buffer = 'PASS test\r'; public $transfertype = 'A'; public $loggedin = FALSE; public $user = 'kwick'; public $user_uid = '1000'; public $user_gid = '1000'; public $addr = '62.146.70.152'; public $port = 33689; public $pasv = FALSE; public $data_addr = NULL; public $data_port = NULL; public $data_socket = NULL; public $data_conn = NULL; public $data_fsp = NULL; public $command = 'PASS'; public $parameter = 'test'; public $return = TRUE; public $io = class stdClass { public $parameter = 'test' }; public $auth = class libauth { public $uid = NULL; public $gid = NULL }; public $table = array ('name' => 'users', 'username' => 'username', 'password' => 'password', 'uid' => 'uid', 'gid' => 'gid'); public $logintime = 1295359051.1534; public $log = class log { private $logfile = '/home/apa/devel/nanoftpd-mogilefs/log/nanoftpd.log'; private $fp = resource(10) of type (stream); private $file_mode = 'a'; private $mode = '10000000'; private $prefix = '[28978]' } }) /home/apa/devel/nanoftpd-mogilefs/lib/client.php:310
[18-Jan-2011 14:57:33] PHP   8. io_mogilefs->MogileFSConnect() /home/apa/devel/nanoftpd-mogilefs/modules/io_mogilefs.php:27
[18-Jan-2011 15:00:42] Could not set identity
[18-Jan-2011 15:00:42] Running as pid 31030...
[18-Jan-2011 15:00:48] PHP Fatal error:  Undefined class constant 'MOGILEFS_DOMAIN' in /home/apa/devel/nanoftpd-mogilefs/modules/io_mogilefs.php on line 94
[18-Jan-2011 15:00:48] PHP Stack trace:
[18-Jan-2011 15:00:48] PHP   1. {main}() /home/apa/devel/nanoftpd-mogilefs/nanoftpd.php:0
[18-Jan-2011 15:00:48] PHP   2. Daemon->start() /home/apa/devel/nanoftpd-mogilefs/nanoftpd.php:89
[18-Jan-2011 15:00:48] PHP   3. NanoFTP_Daemon->_doTask() /home/apa/devel/nanoftpd-mogilefs/lib/daemon.php:148
[18-Jan-2011 15:00:48] PHP   4. server->run() /home/apa/devel/nanoftpd-mogilefs/nanoftpd.php:55
[18-Jan-2011 15:00:48] PHP   5. client->interact() /home/apa/devel/nanoftpd-mogilefs/lib/server.php:147
[18-Jan-2011 15:00:48] PHP   6. client->cmd_pass() /home/apa/devel/nanoftpd-mogilefs/lib/client.php:99
[18-Jan-2011 15:00:48] PHP   7. io_mogilefs->__construct($client = class client { public $CFG = class object { public $dbuser = 'nanoftpd'; public $dbpass = 'nanoftpd'; public $dbhost = 'localhost'; public $dbname = 'nanoftpd'; public $dbtype = 'text'; public $table = array (...); public $crypt = 'md5'; public $rootdir = '/home/apa/devel/nanoftpd-mogilefs'; public $libdir = '/home/apa/devel/nanoftpd-mogilefs/lib'; public $moddir = '/home/apa/devel/nanoftpd-mogilefs/modules'; public $tmpdir = '/home/apa/devel/nanoftpd-mogilefs/tmp'; public $logdir = '/home/apa/devel/nanoftpd-mogilefs/log'; public $daemonize = TRUE; public $pidfile = '/home/apa/devel/nanoftpd-mogilefs/log/nanoftpd.pid'; public $userid = 0; public $groupid = 0; public $text = array (...); public $listen_addr = '62.146.70.152'; public $listen_port = 2121; public $low_port = 15000; public $high_port = 25000; public $max_conn = 10; public $max_conn_per_ip = 3; public $idle_time = 60; public $io = 'mogilefs'; public $server_name = 'nanoFTPd server [APA mogilified]'; public $dynip = array (...); public $logging = class object { ... }; public $pasv_pool = class pool { ... }; public $log = class log { ... } }; public $id = 'client_4d359d0e9a09c'; public $connection = resource(18) of type (Socket); public $buffer = 'PASS test\r'; public $transfertype = 'A'; public $loggedin = FALSE; public $user = 'kwick'; public $user_uid = '1000'; public $user_gid = '1000'; public $addr = '62.146.70.152'; public $port = 43371; public $pasv = FALSE; public $data_addr = NULL; public $data_port = NULL; public $data_socket = NULL; public $data_conn = NULL; public $data_fsp = NULL; public $command = 'PASS'; public $parameter = 'test'; public $return = TRUE; public $io = class stdClass { public $parameter = 'test' }; public $auth = class libauth { public $uid = NULL; public $gid = NULL }; public $table = array ('name' => 'users', 'username' => 'username', 'password' => 'password', 'uid' => 'uid', 'gid' => 'gid'); public $logintime = 1295359246.6323; public $log = class log { private $logfile = '/home/apa/devel/nanoftpd-mogilefs/log/nanoftpd.log'; private $fp = resource(10) of type (stream); private $file_mode = 'a'; private $mode = '10000000'; private $prefix = '[31069]' } }) /home/apa/devel/nanoftpd-mogilefs/lib/client.php:310
[18-Jan-2011 15:00:48] PHP   8. io_mogilefs->MogileFSConnect() /home/apa/devel/nanoftpd-mogilefs/modules/io_mogilefs.php:30
[18-Jan-2011 15:00:48] PHP   9. io_mogilefs->getMogileClasses() /home/apa/devel/nanoftpd-mogilefs/modules/io_mogilefs.php:47
[18-Jan-2011 15:01:21] Could not set identity
[18-Jan-2011 15:01:21] Running as pid 31249...
[18-Jan-2011 15:01:27] PHP Warning:  socket_write(): unable to write to socket [104]: Connection reset by peer in /home/apa/devel/nanoftpd-mogilefs/lib/client.php on line 957
[18-Jan-2011 15:01:27] PHP Stack trace:
[18-Jan-2011 15:01:27] PHP   1. {main}() /home/apa/devel/nanoftpd-mogilefs/nanoftpd.php:0
[18-Jan-2011 15:01:27] PHP   2. Daemon->start() /home/apa/devel/nanoftpd-mogilefs/nanoftpd.php:89
[18-Jan-2011 15:01:27] PHP   3. NanoFTP_Daemon->_doTask() /home/apa/devel/nanoftpd-mogilefs/lib/daemon.php:148
[18-Jan-2011 15:01:27] PHP   4. server->run() /home/apa/devel/nanoftpd-mogilefs/nanoftpd.php:55
[18-Jan-2011 15:01:27] PHP   5. client->interact() /home/apa/devel/nanoftpd-mogilefs/lib/server.php:147
[18-Jan-2011 15:01:27] PHP   6. client->cmd_quit() /home/apa/devel/nanoftpd-mogilefs/lib/client.php:89
[18-Jan-2011 15:01:27] PHP   7. client->send($str = '221 Disconnected. Connection duration: 3.8445 seconds.') /home/apa/devel/nanoftpd-mogilefs/lib/client.php:230
[18-Jan-2011 15:01:27] PHP   8. socket_write(resource(18) of type (Socket), '221 Disconnected. Connection duration: 3.8445 seconds.\n') /home/apa/devel/nanoftpd-mogilefs/lib/client.php:957
[18-Jan-2011 15:02:00] PHP Warning:  socket_write(): unable to write to socket [104]: Connection reset by peer in /home/apa/devel/nanoftpd-mogilefs/lib/client.php on line 957
[18-Jan-2011 15:02:00] PHP Stack trace:
[18-Jan-2011 15:02:00] PHP   1. {main}() /home/apa/devel/nanoftpd-mogilefs/nanoftpd.php:0
[18-Jan-2011 15:02:00] PHP   2. Daemon->start() /home/apa/devel/nanoftpd-mogilefs/nanoftpd.php:89
[18-Jan-2011 15:02:00] PHP   3. NanoFTP_Daemon->_doTask() /home/apa/devel/nanoftpd-mogilefs/lib/daemon.php:148
[18-Jan-2011 15:02:00] PHP   4. server->run() /home/apa/devel/nanoftpd-mogilefs/nanoftpd.php:55
[18-Jan-2011 15:02:00] PHP   5. client->interact() /home/apa/devel/nanoftpd-mogilefs/lib/server.php:147
[18-Jan-2011 15:02:00] PHP   6. client->cmd_quit() /home/apa/devel/nanoftpd-mogilefs/lib/client.php:89
[18-Jan-2011 15:02:00] PHP   7. client->send($str = '221 Disconnected. Connection duration: 3.6831 seconds.') /home/apa/devel/nanoftpd-mogilefs/lib/client.php:230
[18-Jan-2011 15:02:00] PHP   8. socket_write(resource(19) of type (Socket), '221 Disconnected. Connection duration: 3.6831 seconds.\n') /home/apa/devel/nanoftpd-mogilefs/lib/client.php:957
[18-Jan-2011 15:05:23] Could not set identity
[18-Jan-2011 15:05:23] Running as pid 313...
[18-Jan-2011 15:05:28] PHP Warning:  socket_write(): unable to write to socket [104]: Connection reset by peer in /home/apa/devel/nanoftpd-mogilefs/lib/client.php on line 958
[18-Jan-2011 15:05:28] PHP Stack trace:
[18-Jan-2011 15:05:28] PHP   1. {main}() /home/apa/devel/nanoftpd-mogilefs/nanoftpd.php:0
[18-Jan-2011 15:05:28] PHP   2. Daemon->start() /home/apa/devel/nanoftpd-mogilefs/nanoftpd.php:89
[18-Jan-2011 15:05:28] PHP   3. NanoFTP_Daemon->_doTask() /home/apa/devel/nanoftpd-mogilefs/lib/daemon.php:148
[18-Jan-2011 15:05:28] PHP   4. server->run() /home/apa/devel/nanoftpd-mogilefs/nanoftpd.php:55
[18-Jan-2011 15:05:28] PHP   5. client->interact() /home/apa/devel/nanoftpd-mogilefs/lib/server.php:147
[18-Jan-2011 15:05:28] PHP   6. client->cmd_quit() /home/apa/devel/nanoftpd-mogilefs/lib/client.php:88
[18-Jan-2011 15:05:28] PHP   7. client->send($str = '221 Disconnected. Connection duration: 3.432 seconds.') /home/apa/devel/nanoftpd-mogilefs/lib/client.php:231
[18-Jan-2011 15:05:28] PHP   8. socket_write(resource(18) of type (Socket), '221 Disconnected. Connection duration: 3.432 seconds.\n') /home/apa/devel/nanoftpd-mogilefs/lib/client.php:958
[18-Jan-2011 15:07:32] Could not set identity
[18-Jan-2011 15:07:32] Running as pid 1335...
[18-Jan-2011 15:07:54] PHP Warning:  socket_write(): unable to write to socket [104]: Connection reset by peer in /home/apa/devel/nanoftpd-mogilefs/lib/client.php on line 959
[18-Jan-2011 15:07:54] PHP Stack trace:
[18-Jan-2011 15:07:54] PHP   1. {main}() /home/apa/devel/nanoftpd-mogilefs/nanoftpd.php:0
[18-Jan-2011 15:07:54] PHP   2. Daemon->start() /home/apa/devel/nanoftpd-mogilefs/nanoftpd.php:89
[18-Jan-2011 15:07:54] PHP   3. NanoFTP_Daemon->_doTask() /home/apa/devel/nanoftpd-mogilefs/lib/daemon.php:148
[18-Jan-2011 15:07:54] PHP   4. server->run() /home/apa/devel/nanoftpd-mogilefs/nanoftpd.php:55
[18-Jan-2011 15:07:54] PHP   5. client->interact() /home/apa/devel/nanoftpd-mogilefs/lib/server.php:147
[18-Jan-2011 15:07:54] PHP   6. client->cmd_quit() /home/apa/devel/nanoftpd-mogilefs/lib/client.php:88
[18-Jan-2011 15:07:54] PHP   7. client->send($str = '221 Disconnected. Connection duration: 5.376 seconds.') /home/apa/devel/nanoftpd-mogilefs/lib/client.php:231
[18-Jan-2011 15:07:54] PHP   8. socket_write(resource(18) of type (Socket), '221 Disconnected. Connection duration: 5.376 seconds.\n') /home/apa/devel/nanoftpd-mogilefs/lib/client.php:959
[18-Jan-2011 15:08:53] Could not set identity
[18-Jan-2011 15:08:53] Running as pid 3972...
[18-Jan-2011 15:08:55] Daemon already running with PID: 3972
[18-Jan-2011 15:08:55] Could not start daemon
[18-Jan-2011 15:09:01] init
[18-Jan-2011 15:09:05] PHP Warning:  socket_write(): unable to write to socket [104]: Connection reset by peer in /home/apa/devel/nanoftpd-mogilefs/lib/client.php on line 959
[18-Jan-2011 15:09:05] PHP Stack trace:
[18-Jan-2011 15:09:05] PHP   1. {main}() /home/apa/devel/nanoftpd-mogilefs/nanoftpd.php:0
[18-Jan-2011 15:09:05] PHP   2. Daemon->start() /home/apa/devel/nanoftpd-mogilefs/nanoftpd.php:89
[18-Jan-2011 15:09:05] PHP   3. NanoFTP_Daemon->_doTask() /home/apa/devel/nanoftpd-mogilefs/lib/daemon.php:148
[18-Jan-2011 15:09:05] PHP   4. server->run() /home/apa/devel/nanoftpd-mogilefs/nanoftpd.php:55
[18-Jan-2011 15:09:05] PHP   5. client->interact() /home/apa/devel/nanoftpd-mogilefs/lib/server.php:147
[18-Jan-2011 15:09:05] PHP   6. client->cmd_quit() /home/apa/devel/nanoftpd-mogilefs/lib/client.php:88
[18-Jan-2011 15:09:05] PHP   7. client->send($str = '221 Disconnected. Connection duration: 5.9834 seconds.') /home/apa/devel/nanoftpd-mogilefs/lib/client.php:231
[18-Jan-2011 15:09:05] PHP   8. socket_write(resource(18) of type (Socket), '221 Disconnected. Connection duration: 5.9834 seconds.\n') /home/apa/devel/nanoftpd-mogilefs/lib/client.php:959
[18-Jan-2011 15:10:36] Could not set identity
[18-Jan-2011 15:10:36] Running as pid 4760...
[18-Jan-2011 15:14:57] Could not set identity
[18-Jan-2011 15:14:57] Running as pid 6367...
[18-Jan-2011 15:15:01] PHP Fatal error:  Class 'io_mogilefs' not found in /home/apa/devel/nanoftpd-mogilefs/modules/io_mogilefs_ug_kwick.php on line 3
[18-Jan-2011 15:15:01] PHP Stack trace:
[18-Jan-2011 15:15:01] PHP   1. {main}() /home/apa/devel/nanoftpd-mogilefs/nanoftpd.php:0
[18-Jan-2011 15:15:01] PHP   2. Daemon->start() /home/apa/devel/nanoftpd-mogilefs/nanoftpd.php:89
[18-Jan-2011 15:15:01] PHP   3. NanoFTP_Daemon->_doTask() /home/apa/devel/nanoftpd-mogilefs/lib/daemon.php:148
[18-Jan-2011 15:15:01] PHP   4. server->run() /home/apa/devel/nanoftpd-mogilefs/nanoftpd.php:55
[18-Jan-2011 15:15:01] PHP   5. client->interact() /home/apa/devel/nanoftpd-mogilefs/lib/server.php:147
[18-Jan-2011 15:15:01] PHP   6. client->cmd_pass() /home/apa/devel/nanoftpd-mogilefs/lib/client.php:98
[18-Jan-2011 15:15:01] PHP   7. require_once() /home/apa/devel/nanoftpd-mogilefs/lib/client.php:310
[18-Jan-2011 15:15:32] Could not set identity
[18-Jan-2011 15:15:32] Running as pid 6863...
[18-Jan-2011 15:15:41] PHP Warning:  client::require_once(/home/apa/devel/nanoftpd-mogilefs/modules/io_mogilefs_ug_blockoland.php): failed to open stream: No such file or directory in /home/apa/devel/nanoftpd-mogilefs/lib/client.php on line 310
[18-Jan-2011 15:15:41] PHP Stack trace:
[18-Jan-2011 15:15:41] PHP   1. {main}() /home/apa/devel/nanoftpd-mogilefs/nanoftpd.php:0
[18-Jan-2011 15:15:41] PHP   2. Daemon->start() /home/apa/devel/nanoftpd-mogilefs/nanoftpd.php:89
[18-Jan-2011 15:15:41] PHP   3. NanoFTP_Daemon->_doTask() /home/apa/devel/nanoftpd-mogilefs/lib/daemon.php:148
[18-Jan-2011 15:15:41] PHP   4. server->run() /home/apa/devel/nanoftpd-mogilefs/nanoftpd.php:55
[18-Jan-2011 15:15:41] PHP   5. client->interact() /home/apa/devel/nanoftpd-mogilefs/lib/server.php:147
[18-Jan-2011 15:15:41] PHP   6. client->cmd_pass() /home/apa/devel/nanoftpd-mogilefs/lib/client.php:98
[18-Jan-2011 15:15:41] PHP Fatal error:  client::require_once(): Failed opening required '/home/apa/devel/nanoftpd-mogilefs/modules/io_mogilefs_ug_blockoland.php' (include_path='./:/home/apa/kwick:/home/apa/kwick/lib/:/home/apa/kwick/model:/home/apa/lib:/usr/local/share/php/:/home/apa/devel/nanoftpd-mogilefs:/www/kwick/lib') in /home/apa/devel/nanoftpd-mogilefs/lib/client.php on line 310
[18-Jan-2011 15:15:41] PHP Stack trace:
[18-Jan-2011 15:15:41] PHP   1. {main}() /home/apa/devel/nanoftpd-mogilefs/nanoftpd.php:0
[18-Jan-2011 15:15:41] PHP   2. Daemon->start() /home/apa/devel/nanoftpd-mogilefs/nanoftpd.php:89
[18-Jan-2011 15:15:41] PHP   3. NanoFTP_Daemon->_doTask() /home/apa/devel/nanoftpd-mogilefs/lib/daemon.php:148
[18-Jan-2011 15:15:41] PHP   4. server->run() /home/apa/devel/nanoftpd-mogilefs/nanoftpd.php:55
[18-Jan-2011 15:15:41] PHP   5. client->interact() /home/apa/devel/nanoftpd-mogilefs/lib/server.php:147
[18-Jan-2011 15:15:41] PHP   6. client->cmd_pass() /home/apa/devel/nanoftpd-mogilefs/lib/client.php:98
[18-Jan-2011 15:16:56] Could not set identity
[18-Jan-2011 15:16:56] Running as pid 7284...
[18-Jan-2011 15:25:08] Could not set identity
[18-Jan-2011 15:25:08] Running as pid 11199...
[18-Jan-2011 15:59:38] Could not set identity
[18-Jan-2011 15:59:38] Running as pid 26575...
[18-Jan-2011 16:00:11] PHP Fatal error:  Call to private method io_mogilefs::msg() from context 'io_mogilefs_ug' in /home/apa/devel/nanoftpd-mogilefs/modules/io_mogilefs_ug.php on line 164
[18-Jan-2011 16:00:11] PHP Stack trace:
[18-Jan-2011 16:00:11] PHP   1. {main}() /home/apa/devel/nanoftpd-mogilefs/nanoftpd.php:0
[18-Jan-2011 16:00:11] PHP   2. Daemon->start() /home/apa/devel/nanoftpd-mogilefs/nanoftpd.php:89
[18-Jan-2011 16:00:11] PHP   3. NanoFTP_Daemon->_doTask() /home/apa/devel/nanoftpd-mogilefs/lib/daemon.php:148
[18-Jan-2011 16:00:11] PHP   4. server->run() /home/apa/devel/nanoftpd-mogilefs/nanoftpd.php:55
[18-Jan-2011 16:00:11] PHP   5. client->interact() /home/apa/devel/nanoftpd-mogilefs/lib/server.php:147
[18-Jan-2011 16:00:11] PHP   6. client->cmd_dele() /home/apa/devel/nanoftpd-mogilefs/lib/client.php:145
[18-Jan-2011 16:00:11] PHP   7. io_mogilefs->rm($filename = 'ug1/ug/0289/0839/136994621_full,r,470x470.jpg') /home/apa/devel/nanoftpd-mogilefs/lib/client.php:422
[18-Jan-2011 16:00:11] PHP   8. io_mogilefs_ug->delete($filename = 'upf/2890839_136994621.jpg') /home/apa/devel/nanoftpd-mogilefs/modules/io_mogilefs.php:88
[18-Jan-2011 16:01:15] Daemon already running with PID: 26575
[18-Jan-2011 16:01:15] Could not start daemon
[18-Jan-2011 16:04:01] Could not set identity
[18-Jan-2011 16:04:01] Running as pid 29349...
[18-Jan-2011 16:08:49] Could not set identity
[18-Jan-2011 16:08:49] Running as pid 32242...
